#
# A fatal error has been detected by the Java Runtime Environment:
#
#  EXCEPTION_ACCESS_VIOLATION (0xc0000005) at pc=0x6d166ad0, pid=5304, tid=5468
#
# JRE version: 6.0_21-b07
# Java VM: Java HotSpot(TM) Client VM (17.0-b17 mixed mode, sharing windows-x86 )
# Problematic frame:
# C  [awt.dll+0xb6ad0]
#
# If you would like to submit a bug report, please visit:
#   http://java.sun.com/webapps/bugreport/crash.jsp
# The crash happened outside the Java Virtual Machine in native code.
# See problematic frame for where to report the bug.
#

---------------  T H R E A D  ---------------

Current thread (0x019f5000):  JavaThread "AWT-Windows" daemon [_thread_in_native, id=5468, stack(0x04350000,0x043a0000)]

siginfo: ExceptionCode=0xc0000005, reading address 0x00000000

Registers:
EAX=0x0439f724, EBX=0x03ecbfd0, ECX=0x00000162, EDX=0x00000180
ESP=0x0439f70c, EBP=0x0439f8b8, ESI=0x00000000, EDI=0x00000180
EIP=0x6d166ad0, EFLAGS=0x00010202

Top of Stack: (sp=0x0439f70c)
0x0439f70c:   0439f724 00001000 00000175 03eb3870
0x0439f71c:   000001a9 0000028d 03eb3870 6d15ecfb
0x0439f72c:   00000000 03eb8dd8 03eb3870 03eb3870
0x0439f73c:   0439f71c 0439f8b8 000001b4 0000028d
0x0439f74c:   03eb3870 6d1626bf 44234000 43da0000
0x0439f75c:   0000028d 000001b4 03eb8dc4 6d163181
0x0439f76c:   6d16361d 00000121 00000192 00000175
0x0439f77c:   000001a9 00009824 019f5118 00000001 

Instructions: (pc=0x6d166ad0)
0x6d166ac0:   05 00 20 00 00 50 c1 e2 05 8d 44 24 14 50 8b fa
0x6d166ad0:   8b 16 57 c1 e1 05 51 56 ff 52 2c 85 c0 0f 8c 93 


Stack: [0x04350000,0x043a0000],  sp=0x0439f70c,  free space=13d0439f228k
Native frames: (J=compiled Java code, j=interpreted, Vv=VM code, C=native code)
C  [awt.dll+0xb6ad0]
C  [awt.dll+0x9c6dc]
C  [USER32.dll+0x186ef]
C  [USER32.dll+0x18876]
C  [USER32.dll+0x170f4]
C  [USER32.dll+0x1738f]
C  [ntdll.dll+0x4642e]
C  [USER32.dll+0x192a9]

Java frames: (J=compiled Java code, j=interpreted, Vv=VM code)
j  sun.awt.windows.WToolkit.eventLoop()V+0
j  sun.awt.windows.WToolkit.run()V+52
j  java.lang.Thread.run()V+11
v  ~StubRoutines::call_stub

---------------  P R O C E S S  ---------------

Java Threads: ( => current thread )
  0x019f7000 JavaThread "SwingWorker-pool-2-thread-1" daemon [_thread_in_native, id=2764, stack(0x06f10000,0x06f60000)]
  0x019f7400 JavaThread "Swing-Shell" daemon [_thread_blocked, id=5888, stack(0x084c0000,0x08510000)]
  0x019f6800 JavaThread "TimerQueue" daemon [_thread_blocked, id=164, stack(0x080e0000,0x08130000)]
  0x019f6400 JavaThread "D3D Screen Updater" daemon [_thread_blocked, id=5948, stack(0x06d50000,0x06da0000)]
  0x019f5c00 JavaThread "DestroyJavaVM" [_thread_blocked, id=2188, stack(0x00bf0000,0x00c40000)]
  0x019f5800 JavaThread "AWT-EventQueue-0" [_thread_in_native, id=2792, stack(0x048a0000,0x048f0000)]
=>0x019f5000 JavaThread "AWT-Windows" daemon [_thread_in_native, id=5468, stack(0x04350000,0x043a0000)]
  0x019f4c00 JavaThread "AWT-Shutdown" [_thread_blocked, id=5820, stack(0x04300000,0x04350000)]
  0x019f4400 JavaThread "Java2D Disposer" daemon [_thread_blocked, id=6044, stack(0x042b0000,0x04300000)]
  0x019f4000 JavaThread "Low Memory Detector" daemon [_thread_blocked, id=3604, stack(0x03de0000,0x03e30000)]
  0x019fe800 JavaThread "CompilerThread0" daemon [_thread_blocked, id=4072, stack(0x03d90000,0x03de0000)]
  0x019f3800 JavaThread "Attach Listener" daemon [_thread_blocked, id=1376, stack(0x03d40000,0x03d90000)]
  0x019f3400 JavaThread "Signal Dispatcher" daemon [_thread_blocked, id=4788, stack(0x03cf0000,0x03d40000)]
  0x019b3c00 JavaThread "Finalizer" daemon [_thread_blocked, id=4696, stack(0x03ca0000,0x03cf0000)]
  0x019ae800 JavaThread "Reference Handler" daemon [_thread_blocked, id=3380, stack(0x03c50000,0x03ca0000)]

Other Threads:
  0x019ad400 VMThread [stack: 0x03c00000,0x03c50000] [id=2100]
  0x01a0d000 WatcherThread [stack: 0x03e30000,0x03e80000] [id=1168]

VM state:not at safepoint (normal execution)

VM Mutex/Monitor currently owned by a thread: None

Heap
 def new generation   total 4992K, used 2541K [0x23ae0000, 0x24040000, 0x29030000)
  eden space 4480K,  45% used [0x23ae0000, 0x23cdb5a8, 0x23f40000)
  from space 512K, 100% used [0x23fc0000, 0x24040000, 0x24040000)
  to   space 512K,   0% used [0x23f40000, 0x23f40000, 0x23fc0000)
 tenured generation   total 10944K, used 6865K [0x29030000, 0x29ae0000, 0x33ae0000)
   the space 10944K,  62% used [0x29030000, 0x296e4558, 0x296e4600, 0x29ae0000)
 compacting perm gen  total 12288K, used 3025K [0x33ae0000, 0x346e0000, 0x37ae0000)
   the space 12288K,  24% used [0x33ae0000, 0x33dd4788, 0x33dd4800, 0x346e0000)
    ro space 10240K,  54% used [0x37ae0000, 0x3805c0f0, 0x3805c200, 0x384e0000)
    rw space 12288K,  55% used [0x384e0000, 0x38b7fb80, 0x38b7fc00, 0x390e0000)

Dynamic libraries:
0x00400000 - 0x00424000 	C:\Program Files\Java\jdk1.6.0_21\jre\bin\java.exe
0x774a0000 - 0x775dc000 	C:\Windows\SYSTEM32\ntdll.dll
0x75e00000 - 0x75ed4000 	C:\Windows\system32\kernel32.dll
0x75770000 - 0x757ba000 	C:\Windows\system32\KERNELBASE.dll
0x76ed0000 - 0x76f70000 	C:\Windows\system32\ADVAPI32.dll
0x77280000 - 0x7732c000 	C:\Windows\system32\msvcrt.dll
0x775f0000 - 0x77609000 	C:\Windows\SYSTEM32\sechost.dll
0x77620000 - 0x776c1000 	C:\Windows\system32\RPCRT4.dll
0x7c340000 - 0x7c396000 	C:\Program Files\Java\jdk1.6.0_21\jre\bin\msvcr71.dll
0x6d8b0000 - 0x6db57000 	C:\Program Files\Java\jdk1.6.0_21\jre\bin\client\jvm.dll
0x771a0000 - 0x77269000 	C:\Windows\system32\USER32.dll
0x77330000 - 0x7737e000 	C:\Windows\system32\GDI32.dll
0x775e0000 - 0x775ea000 	C:\Windows\system32\LPK.dll
0x75ee0000 - 0x75f7d000 	C:\Windows\system32\USP10.dll
0x73a00000 - 0x73a32000 	C:\Windows\system32\WINMM.dll
0x76f70000 - 0x76f8f000 	C:\Windows\system32\IMM32.DLL
0x77380000 - 0x7744c000 	C:\Windows\system32\MSCTF.dll
0x75500000 - 0x7554b000 	C:\Windows\system32\apphelp.dll
0x6d860000 - 0x6d86c000 	C:\Program Files\Java\jdk1.6.0_21\jre\bin\verify.dll
0x6d3e0000 - 0x6d3ff000 	C:\Program Files\Java\jdk1.6.0_21\jre\bin\java.dll
0x6d340000 - 0x6d348000 	C:\Program Files\Java\jdk1.6.0_21\jre\bin\hpi.dll
0x77270000 - 0x77275000 	C:\Windows\system32\PSAPI.DLL
0x6d8a0000 - 0x6d8af000 	C:\Program Files\Java\jdk1.6.0_21\jre\bin\zip.dll
0x6d0b0000 - 0x6d1fa000 	C:\Program Files\Java\jdk1.6.0_21\jre\bin\awt.dll
0x720b0000 - 0x72101000 	C:\Windows\system32\WINSPOOL.DRV
0x76ce0000 - 0x76e3c000 	C:\Windows\system32\ole32.dll
0x744c0000 - 0x7465e000 	C:\Windows\WinSxS\x86_microsoft.windows.common-controls_6595b64144ccf1df_6.0.7600.16661_none_420fe3fa2b8113bd\COMCTL32.dll
0x75da0000 - 0x75df7000 	C:\Windows\system32\SHLWAPI.dll
0x73ff0000 - 0x74003000 	C:\Windows\system32\DWMAPI.DLL
0x74780000 - 0x747c0000 	C:\Windows\system32\uxtheme.dll
0x75550000 - 0x7555c000 	C:\Windows\system32\CRYPTBASE.dll
0x76090000 - 0x76cd9000 	C:\Windows\system32\shell32.dll
0x6d2e0000 - 0x6d334000 	C:\Program Files\Java\jdk1.6.0_21\jre\bin\fontmanager.dll
0x048f0000 - 0x04ab3000 	C:\Windows\system32\d3d9.dll
0x74ac0000 - 0x74ac9000 	C:\Windows\system32\VERSION.dll
0x6e170000 - 0x6e176000 	C:\Windows\system32\d3d8thk.dll
0x5a060000 - 0x5a7c3000 	C:\Windows\system32\nvd3dum.dll
0x74280000 - 0x742a5000 	C:\Windows\system32\powrprof.dll
0x75c00000 - 0x75d9d000 	C:\Windows\system32\SETUPAPI.dll
0x757c0000 - 0x757e7000 	C:\Windows\system32\CFGMGR32.dll
0x76e40000 - 0x76ecf000 	C:\Windows\system32\OLEAUT32.dll
0x758b0000 - 0x758c2000 	C:\Windows\system32\DEVOBJ.dll
0x6d6c0000 - 0x6d6d3000 	C:\Program Files\Java\jdk1.6.0_21\jre\bin\net.dll
0x75990000 - 0x759c5000 	C:\Windows\system32\WS2_32.dll
0x76f90000 - 0x76f96000 	C:\Windows\system32\NSI.dll
0x75040000 - 0x7507c000 	C:\Windows\system32\mswsock.dll
0x75030000 - 0x75036000 	C:\Windows\System32\wship6.dll
0x6d6e0000 - 0x6d6e9000 	C:\Program Files\Java\jdk1.6.0_21\jre\bin\nio.dll
0x75b70000 - 0x75bf3000 	C:\Windows\system32\CLBCatQ.DLL
0x74010000 - 0x74105000 	C:\Windows\system32\propsys.dll
0x74a90000 - 0x74ab1000 	C:\Windows\system32\ntmarta.dll
0x77450000 - 0x77495000 	C:\Windows\system32\WLDAP32.dll
0x08600000 - 0x08798000 	C:\Windows\system32\NetworkExplorer.dll
0x6dd10000 - 0x6dd3e000 	C:\Windows\System32\shdocvw.dll
0x755d0000 - 0x755db000 	C:\Windows\system32\profapi.dll
0x73bb0000 - 0x73bba000 	C:\Windows\system32\slc.dll
0x73ed0000 - 0x73fcb000 	C:\Windows\system32\WindowsCodecs.dll
0x6e070000 - 0x6e0a1000 	C:\Windows\system32\EhStorShell.dll
0x6e000000 - 0x6e06a000 	C:\Windows\System32\cscui.dll
0x6dff0000 - 0x6dff9000 	C:\Windows\System32\CSCDLL.dll
0x6fc00000 - 0x6fc0b000 	C:\Windows\system32\CSCAPI.dll
0x6df60000 - 0x6dfcf000 	C:\Windows\system32\ntshrui.dll
0x75340000 - 0x75359000 	C:\Windows\system32\srvcli.dll
0x72120000 - 0x72132000 	C:\Windows\system32\MPR.dll
0x60f80000 - 0x60f86000 	C:\Program Files\Symantec\Symantec Endpoint Protection\SnacNp.dll
0x73fd0000 - 0x73fd8000 	C:\Windows\System32\drprov.dll
0x74cf0000 - 0x74d19000 	C:\Windows\System32\WINSTA.dll
0x701b0000 - 0x701c4000 	C:\Windows\System32\ntlanman.dll
0x6ffe0000 - 0x6fff6000 	C:\Windows\System32\davclnt.dll
0x6fc50000 - 0x6fc58000 	C:\Windows\System32\DAVHLPR.dll
0x73a80000 - 0x73a8f000 	C:\Windows\system32\wkscli.dll
0x74e10000 - 0x74e19000 	C:\Windows\system32\netutils.dll
0x60250000 - 0x60488000 	C:\Windows\system32\wpdshext.dll
0x74330000 - 0x744c0000 	C:\Windows\WinSxS\x86_microsoft.windows.gdiplus_6595b64144ccf1df_1.1.7600.16385_none_72fc7cbf861225ca\gdiplus.dll
0x6fa60000 - 0x6fae9000 	C:\Windows\system32\PortableDeviceApi.dll
0x75880000 - 0x758ad000 	C:\Windows\system32\WINTRUST.dll
0x75650000 - 0x7576c000 	C:\Windows\system32\CRYPT32.dll
0x75640000 - 0x7564c000 	C:\Windows\system32\MSASN1.dll
0x736a0000 - 0x736df000 	C:\Windows\system32\audiodev.dll
0x5b910000 - 0x5bb77000 	C:\Windows\system32\WMVCore.DLL
0x73400000 - 0x7343d000 	C:\Windows\system32\WMASF.DLL
0x73710000 - 0x73732000 	C:\Windows\system32\EhStorAPI.dll
0x6dd00000 - 0x6dd09000 	C:\Windows\system32\LINKINFO.dll
0x754b0000 - 0x754b8000 	C:\Windows\system32\Secur32.dll
0x754e0000 - 0x754fa000 	C:\Windows\system32\SSPICLI.DLL
0x74b50000 - 0x74b55000 	C:\Windows\System32\wshtcpip.dll
0x74f00000 - 0x74f44000 	C:\Windows\system32\DNSAPI.dll
0x735f0000 - 0x7360c000 	C:\Windows\system32\IPHLPAPI.DLL
0x735e0000 - 0x735e7000 	C:\Windows\system32\WINNSI.DLL
0x726f0000 - 0x726f6000 	C:\Windows\system32\rasadhlp.dll
0x72bc0000 - 0x72bf8000 	C:\Windows\System32\fwpuclnt.dll

VM Arguments:
jvm_args: -Dfile.encoding=UTF-8 
java_command: edu.usf.cutr.go_sync.gui.MainForm
Launcher Type: SUN_STANDARD

Environment Variables:
PATH=C:\Windows\system32;C:\Windows;C:\Windows\System32\Wbem;C:\Windows\System32\WindowsPowerShell\v1.0\;C:\Program Files\MikTex\miktex\bin
USERNAME=ktran
OS=Windows_NT
PROCESSOR_IDENTIFIER=x86 Family 6 Model 37 Stepping 2, GenuineIntel



---------------  S Y S T E M  ---------------

OS: Windows 7 Build 7600 

CPU:total 4 (8 cores per cpu, 2 threads per core) family 6 model 37 stepping 2, cmov, cx8, fxsr, mmx, sse, sse2, sse3, ssse3, sse4.1, sse4.2, popcnt, ht

Memory: 4k page, physical 2022516k(469512k free), swap 4045032k(681488k free)

vm_info: Java HotSpot(TM) Client VM (17.0-b17) for windows-x86 JRE (1.6.0_21-b07), built on Jul 17 2010 01:10:15 by "java_re" with MS VC++ 7.1 (VS2003)

time: Fri Dec 03 15:34:49 2010
elapsed time: 454 seconds

